<?xml version="1.0" encoding="UTF-8"?>
<robot generator="Robot 6.1 (Python 3.11.3 on win32)" generated="20230623 16:43:43.162" rpa="false" schemaversion="4">
<suite id="s1" name="RobotFramework projet" source="C:\Users\Administrateur\Nga_TRAN\RobotFramework\RobotFramework_projet">
<suite id="s1-s1" name="Testsuites" source="C:\Users\Administrateur\Nga_TRAN\RobotFramework\RobotFramework_projet\testsuites">
<suite id="s1-s1-s1" name="TS CA Application" source="C:\Users\Administrateur\Nga_TRAN\RobotFramework\RobotFramework_projet\testsuites\TS_CA_Application">
<suite id="s1-s1-s1-s1" name="Authentification" source="C:\Users\Administrateur\Nga_TRAN\RobotFramework\RobotFramework_projet\testsuites\TS_CA_Application\Authentification">
<suite id="s1-s1-s1-s1-s1" name="BDD TestSuite" source="C:\Users\Administrateur\Nga_TRAN\RobotFramework\RobotFramework_projet\testsuites\TS_CA_Application\Authentification\BDD_TestSuite">
<suite id="s1-s1-s1-s1-s1-s1" name="AUTH ConnexionCA BDD" source="C:\Users\Administrateur\Nga_TRAN\RobotFramework\RobotFramework_projet\testsuites\TS_CA_Application\Authentification\BDD_TestSuite\AUTH_ConnexionCA_BDD.robot">
<test id="s1-s1-s1-s1-s1-s1-t1" name="Connexion CA via URL Valide" line="21">
<kw name="Given un utilisateur non connecté à CA">
<kw name="Log" library="BuiltIn">
<arg>"user non connecter"</arg>
<doc>Logs the given message with the given level.</doc>
<msg timestamp="20230623 16:43:43.402" level="INFO">"user non connecter"</msg>
<status status="PASS" starttime="20230623 16:43:43.402" endtime="20230623 16:43:43.402"/>
</kw>
<kw name="Opening_CA" library="Common">
<arg>${browser}</arg>
<doc>Open browser</doc>
<kw name="Open Browser" library="SeleniumLibrary">
<arg>about:blank</arg>
<arg>browser=${browser}</arg>
<doc>Opens a new browser instance to the optional ``url``.</doc>
<msg timestamp="20230623 16:43:43.403" level="INFO">Opening browser 'Chrome' to base url 'about:blank'.</msg>
<status status="PASS" starttime="20230623 16:43:43.403" endtime="20230623 16:43:44.490"/>
</kw>
<kw name="Maximize Browser Window" library="SeleniumLibrary">
<doc>Maximizes current browser window.</doc>
<status status="PASS" starttime="20230623 16:43:44.491" endtime="20230623 16:43:44.608"/>
</kw>
<status status="PASS" starttime="20230623 16:43:43.402" endtime="20230623 16:43:44.608"/>
</kw>
<status status="PASS" starttime="20230623 16:43:43.402" endtime="20230623 16:43:44.608"/>
</kw>
<kw name="When URL lancé dans le navigateur">
<kw name="Go_To_URL" library="Common">
<arg>${url_CA}</arg>
<kw name="Go To" library="SeleniumLibrary">
<arg>${urlCA}</arg>
<doc>Navigates the current browser window to the provided ``url``.</doc>
<msg timestamp="20230623 16:43:44.609" level="INFO">Opening url 'http://credit-auto.qsiconseil.ma/'</msg>
<status status="PASS" starttime="20230623 16:43:44.609" endtime="20230623 16:43:45.419"/>
</kw>
<status status="PASS" starttime="20230623 16:43:44.609" endtime="20230623 16:43:45.419"/>
</kw>
<status status="PASS" starttime="20230623 16:43:44.609" endtime="20230623 16:43:45.419"/>
</kw>
<kw name="Then page Acceuil CA est affiché">
<kw name="Page_Acceuil_Display" library="AcceuiKwObject">
<kw name="Wait Until Element Is Visible" library="SeleniumLibrary">
<arg>${btn_AccessCA}</arg>
<doc>Waits until the element ``locator`` is visible.</doc>
<status status="PASS" starttime="20230623 16:43:45.421" endtime="20230623 16:43:45.446"/>
</kw>
<status status="PASS" starttime="20230623 16:43:45.421" endtime="20230623 16:43:45.446"/>
</kw>
<status status="PASS" starttime="20230623 16:43:45.421" endtime="20230623 16:43:45.446"/>
</kw>
<kw name="And icone Accès CA disponible au centre de la page">
<kw name="Check_Btn_Access_Display" library="AcceuiKwObject">
<kw name="Element Should Be Visible" library="SeleniumLibrary">
<arg>${btn_AccessCA}</arg>
<doc>Verifies that the element identified by ``locator`` is visible.</doc>
<msg timestamp="20230623 16:43:45.465" level="INFO">Element 'id:lnkAccesCreditAuto' is displayed.</msg>
<status status="PASS" starttime="20230623 16:43:45.448" endtime="20230623 16:43:45.465"/>
</kw>
<kw name="Element Should Contain" library="SeleniumLibrary">
<arg>${btn_AccessCA}</arg>
<arg>Accès Crédit Auto</arg>
<doc>Verifies that element ``locator`` contains text ``expected``.</doc>
<msg timestamp="20230623 16:43:45.485" level="INFO">Element 'id:lnkAccesCreditAuto' contains text 'Accès Crédit Auto'.</msg>
<status status="PASS" starttime="20230623 16:43:45.465" endtime="20230623 16:43:45.485"/>
</kw>
<status status="PASS" starttime="20230623 16:43:45.447" endtime="20230623 16:43:45.485"/>
</kw>
<status status="PASS" starttime="20230623 16:43:45.447" endtime="20230623 16:43:45.485"/>
</kw>
<kw name="And icônes Crédit Auto and Accueil dans le Bandeau Menu">
<kw name="Check_Icons_Acceuil_CA_Display" library="AcceuiKwObject">
<kw name="Element Should Be Visible" library="SeleniumLibrary">
<arg>${lnk_Acceuil}</arg>
<doc>Verifies that the element identified by ``locator`` is visible.</doc>
<msg timestamp="20230623 16:43:45.504" level="INFO">Element 'id:lnkAccueil' is displayed.</msg>
<status status="PASS" starttime="20230623 16:43:45.486" endtime="20230623 16:43:45.504"/>
</kw>
<kw name="Element Should Be Visible" library="SeleniumLibrary">
<arg>${lnk_CreditCA}</arg>
<doc>Verifies that the element identified by ``locator`` is visible.</doc>
<msg timestamp="20230623 16:43:45.524" level="INFO">Element 'xpath://nav[@id='mainNav']/a' is displayed.</msg>
<status status="PASS" starttime="20230623 16:43:45.504" endtime="20230623 16:43:45.524"/>
</kw>
<kw name="Element Should Contain" library="SeleniumLibrary">
<arg>${lnk_Acceuil}</arg>
<arg>Accueil</arg>
<doc>Verifies that element ``locator`` contains text ``expected``.</doc>
<msg timestamp="20230623 16:43:45.538" level="INFO">Element 'id:lnkAccueil' contains text 'Accueil'.</msg>
<status status="PASS" starttime="20230623 16:43:45.524" endtime="20230623 16:43:45.538"/>
</kw>
<kw name="Element Should Contain" library="SeleniumLibrary">
<arg>${lnk_CreditCA}</arg>
<arg>Crédit Auto</arg>
<doc>Verifies that element ``locator`` contains text ``expected``.</doc>
<msg timestamp="20230623 16:43:45.553" level="INFO">Element 'xpath://nav[@id='mainNav']/a' contains text 'Crédit Auto'.</msg>
<status status="PASS" starttime="20230623 16:43:45.538" endtime="20230623 16:43:45.553"/>
</kw>
<status status="PASS" starttime="20230623 16:43:45.486" endtime="20230623 16:43:45.553"/>
</kw>
<status status="PASS" starttime="20230623 16:43:45.486" endtime="20230623 16:43:45.553"/>
</kw>
<tag>POEC-CA</tag>
<tag>PP-12</tag>
<status status="PASS" starttime="20230623 16:43:43.401" endtime="20230623 16:43:45.553"/>
</test>
<doc>Case de test in for</doc>
<status status="PASS" starttime="20230623 16:43:43.192" endtime="20230623 16:43:45.555"/>
</suite>
<status status="PASS" starttime="20230623 16:43:43.190" endtime="20230623 16:43:45.556"/>
</suite>
<status status="PASS" starttime="20230623 16:43:43.188" endtime="20230623 16:43:45.557"/>
</suite>
<status status="PASS" starttime="20230623 16:43:43.186" endtime="20230623 16:43:45.558"/>
</suite>
<status status="PASS" starttime="20230623 16:43:43.185" endtime="20230623 16:43:45.559"/>
</suite>
<status status="PASS" starttime="20230623 16:43:43.164" endtime="20230623 16:43:45.560"/>
</suite>
<statistics>
<total>
<stat pass="1" fail="0" skip="0">All Tests</stat>
</total>
<tag>
<stat pass="1" fail="0" skip="0">POEC-CA</stat>
<stat pass="1" fail="0" skip="0">PP-12</stat>
</tag>
<suite>
<stat pass="1" fail="0" skip="0" id="s1" name="RobotFramework projet">RobotFramework projet</stat>
<stat pass="1" fail="0" skip="0" id="s1-s1" name="Testsuites">RobotFramework projet.Testsuites</stat>
<stat pass="1" fail="0" skip="0" id="s1-s1-s1" name="TS CA Application">RobotFramework projet.Testsuites.TS CA Application</stat>
<stat pass="1" fail="0" skip="0" id="s1-s1-s1-s1" name="Authentification">RobotFramework projet.Testsuites.TS CA Application.Authentification</stat>
<stat pass="1" fail="0" skip="0" id="s1-s1-s1-s1-s1" name="BDD TestSuite">RobotFramework projet.Testsuites.TS CA Application.Authentification.BDD TestSuite</stat>
<stat pass="1" fail="0" skip="0" id="s1-s1-s1-s1-s1-s1" name="AUTH ConnexionCA BDD">RobotFramework projet.Testsuites.TS CA Application.Authentification.BDD TestSuite.AUTH ConnexionCA BDD</stat>
</suite>
</statistics>
<errors>
</errors>
</robot>
